<?xml version="1.0" encoding="UTF-8"?>
<!-- Generated by org.testng.reporters.JUnitReportReporter -->
<testsuite hostname="DESKTOP-ET7SJ4U" failures="0" tests="1" name="pom.banking.testCases.TC_LoginTest_001" time="10.352" errors="0" timestamp="2024-08-07T08:18:07 IST" skipped="0">
  <testcase classname="pom.banking.testCases.TC_LoginTest_001" name="loginTest" time="10.352"/>
</testsuite> <!-- pom.banking.testCases.TC_LoginTest_001 -->
